<?xml version="1.0" encoding="UTF-8"?>
<testng-results ignored="0" total="1" passed="1" failed="0" skipped="0">
  <reporter-output>
    <line>
      <![CDATA[Enter invalid Card number ]]>
    </line>
    <line>
      <![CDATA[passed-button is disabled without entering valid Card number]]>
    </line>
    <line>
      <![CDATA[Passed-Verify that  entering invalid  card number on card number field its should be show error message.]]>
    </line>
    <line>
      <![CDATA[contiune button is disable]]>
    </line>
  </reporter-output>
  <suite started-at="2022-11-14T18:04:34 IST" name="Default suite" finished-at="2022-11-14T18:05:27 IST" duration-ms="52418">
    <groups>
    </groups>
    <test started-at="2022-11-14T18:04:34 IST" name="Default test" finished-at="2022-11-14T18:05:27 IST" duration-ms="52418">
      <class name="RunnerClass_one.PAymentGateway_cardnumber_invalid_1_LTC">
        <test-method is-config="true" signature="openBrowser()[pri:0, instance:RunnerClass_one.PAymentGateway_cardnumber_invalid_1_LTC@74e52303]" started-at="2022-11-14T18:04:34 IST" name="openBrowser" finished-at="2022-11-14T18:04:44 IST" duration-ms="9934" status="PASS">
          <reporter-output>
          </reporter-output>
        </test-method> <!-- openBrowser -->
        <test-method is-config="true" signature="clickon_proced_button()[pri:0, instance:RunnerClass_one.PAymentGateway_cardnumber_invalid_1_LTC@74e52303]" started-at="2022-11-14T18:04:44 IST" name="clickon_proced_button" finished-at="2022-11-14T18:05:03 IST" duration-ms="19021" status="PASS">
          <reporter-output>
          </reporter-output>
        </test-method> <!-- clickon_proced_button -->
        <test-method signature="cardnumber_error_message()[pri:0, instance:RunnerClass_one.PAymentGateway_cardnumber_invalid_1_LTC@74e52303]" started-at="2022-11-14T18:05:03 IST" name="cardnumber_error_message" finished-at="2022-11-14T18:05:26 IST" duration-ms="22936" status="PASS">
          <reporter-output>
            <line>
              <![CDATA[Enter invalid Card number ]]>
            </line>
            <line>
              <![CDATA[passed-button is disabled without entering valid Card number]]>
            </line>
            <line>
              <![CDATA[Passed-Verify that  entering invalid  card number on card number field its should be show error message.]]>
            </line>
            <line>
              <![CDATA[contiune button is disable]]>
            </line>
          </reporter-output>
        </test-method> <!-- cardnumber_error_message -->
        <test-method is-config="true" signature="screenshot()[pri:0, instance:RunnerClass_one.PAymentGateway_cardnumber_invalid_1_LTC@74e52303]" started-at="2022-11-14T18:05:26 IST" name="screenshot" finished-at="2022-11-14T18:05:27 IST" duration-ms="263" status="PASS">
          <reporter-output>
          </reporter-output>
        </test-method> <!-- screenshot -->
        <test-method is-config="true" signature="closebrowser()[pri:0, instance:RunnerClass_one.PAymentGateway_cardnumber_invalid_1_LTC@74e52303]" started-at="2022-11-14T18:05:27 IST" name="closebrowser" finished-at="2022-11-14T18:05:27 IST" duration-ms="220" status="PASS">
          <reporter-output>
          </reporter-output>
        </test-method> <!-- closebrowser -->
      </class> <!-- RunnerClass_one.PAymentGateway_cardnumber_invalid_1_LTC -->
    </test> <!-- Default test -->
  </suite> <!-- Default suite -->
</testng-results>
